\BOOKMARK [1][-]{section.1}{\376\377\0001\000\040\000I\000n\000t\000r\000o\000d\000u\000c\000t\000i\000o\000n}{}% 1
\BOOKMARK [1][-]{section.2}{\376\377\0002\000\040\000M\000a\000t\000h\000e\000m\000a\000t\000i\000c\000a\000l\000\040\000b\000a\000c\000k\000g\000r\000o\000u\000n\000d}{}% 2
\BOOKMARK [1][-]{section.3}{\376\377\0003\000\040\000N\000u\000m\000b\000e\000r\000\040\000f\000i\000e\000l\000d\000s\000,\000\040\000g\000l\000o\000b\000a\000l\000\040\000f\000i\000e\000l\000d\000s\000\040\000a\000n\000d\000\040\000r\000i\000n\000g\000s\000\040\000o\000f\000\040\000i\000n\000t\000e\000g\000e\000r\000s}{}% 3
\BOOKMARK [2][-]{subsection.3.1}{\376\377\0003\000.\0001\000\040\000F\000i\000e\000l\000d\000\040\000e\000x\000t\000e\000n\000s\000i\000o\000n\000s}{section.3}% 4
\BOOKMARK [2][-]{subsection.3.2}{\376\377\0003\000.\0002\000\040\000S\000c\000a\000l\000a\000r\000\040\000t\000o\000w\000e\000r\000s}{section.3}% 5
\BOOKMARK [2][-]{subsection.3.3}{\376\377\0003\000.\0003\000\040\000R\000i\000n\000g\000\040\000o\000f\000\040\000i\000n\000t\000e\000g\000e\000r\000s}{section.3}% 6
\BOOKMARK [2][-]{subsection.3.4}{\376\377\0003\000.\0004\000\040\000S\000u\000b\000o\000b\000j\000e\000c\000t\000s}{section.3}% 7
\BOOKMARK [2][-]{subsection.3.5}{\376\377\0003\000.\0005\000\040\000F\000i\000e\000l\000d\000s\000\040\000o\000f\000\040\000f\000r\000a\000c\000t\000i\000o\000n\000s}{section.3}% 8
\BOOKMARK [2][-]{subsection.3.6}{\376\377\0003\000.\0006\000\040\000R\000e\000p\000r\000e\000s\000e\000n\000t\000i\000n\000g\000\040\000s\000i\000m\000p\000l\000e\000\040\000f\000i\000e\000l\000d\000\040\000e\000x\000t\000e\000n\000s\000i\000o\000n\000s}{section.3}% 9
\BOOKMARK [1][-]{section.4}{\376\377\0004\000\040\000D\000e\000d\000e\000k\000i\000n\000d\000\040\000d\000o\000m\000a\000i\000n\000s}{}% 10
\BOOKMARK [2][-]{subsection.4.1}{\376\377\0004\000.\0001\000\040\000D\000e\000f\000i\000n\000i\000t\000i\000o\000n\000s}{section.4}% 11
\BOOKMARK [2][-]{subsection.4.2}{\376\377\0004\000.\0002\000\040\000F\000r\000a\000c\000t\000i\000o\000n\000a\000l\000\040\000i\000d\000e\000a\000l\000s}{section.4}% 12
\BOOKMARK [2][-]{subsection.4.3}{\376\377\0004\000.\0003\000\040\000E\000q\000u\000i\000v\000a\000l\000e\000n\000c\000e\000\040\000o\000f\000\040\000t\000h\000e\000\040\000d\000e\000f\000i\000n\000i\000t\000i\000o\000n\000s}{section.4}% 13
\BOOKMARK [1][-]{section.5}{\376\377\0005\000\040\000P\000r\000i\000n\000c\000i\000p\000a\000l\000\040\000i\000d\000e\000a\000l\000\040\000d\000o\000m\000a\000i\000n\000s\000\040\000a\000r\000e\000\040\000D\000e\000d\000e\000k\000i\000n\000d}{}% 14
\BOOKMARK [1][-]{section.6}{\376\377\0006\000\040\000R\000i\000n\000g\000s\000\040\000o\000f\000\040\000i\000n\000t\000e\000g\000e\000r\000s\000\040\000a\000r\000e\000\040\000D\000e\000d\000e\000k\000i\000n\000d\000\040\000d\000o\000m\000a\000i\000n\000s}{}% 15
\BOOKMARK [2][-]{subsection.6.1}{\376\377\0006\000.\0001\000\040\000T\000h\000e\000\040\000t\000r\000a\000c\000e\000\040\000f\000o\000r\000m}{section.6}% 16
\BOOKMARK [1][-]{section.7}{\376\377\0007\000\040\000C\000l\000a\000s\000s\000\040\000n\000u\000m\000b\000e\000r}{}% 17
\BOOKMARK [1][-]{section.8}{\376\377\0008\000\040\000D\000i\000s\000c\000u\000s\000s\000i\000o\000n}{}% 18
\BOOKMARK [2][-]{subsection.8.1}{\376\377\0008\000.\0001\000\040\000R\000e\000l\000a\000t\000e\000d\000\040\000w\000o\000r\000k}{section.8}% 19
\BOOKMARK [2][-]{subsection.8.2}{\376\377\0008\000.\0002\000\040\000F\000u\000t\000u\000r\000e\000\040\000d\000i\000r\000e\000c\000t\000i\000o\000n\000s}{section.8}% 20
\BOOKMARK [2][-]{subsection.8.3}{\376\377\0008\000.\0003\000\040\000C\000o\000n\000c\000l\000u\000s\000i\000o\000n}{section.8}% 21
